-------------------------------------------------------------------------------
Test set: OtherTest
-------------------------------------------------------------------------------
Tests run: 1, Failures: 1, Errors: 0, Skipped: 0, Time elapsed: 0.001 s <<< FAILURE! - in OtherTest
test  Time elapsed: 0.001 s  <<< FAILURE!
org.opentest4j.AssertionFailedError: not yet implemented!!!
	at OtherTest.test(OtherTest.java:9)

